<?xml version="1.0" encoding="UTF-8"?>
<!-- Generated by org.testng.reporters.JUnitReportReporter -->
<testsuite hostname="19-11-004" failures="0" tests="1" name="tests.LocalApiTest" time="1.082" errors="0" timestamp="2022-12-10T17:18:13 EET" skipped="0">
  <testcase classname="tests.LocalApiTest" name="deletePost" time="1.082"/>
  <system-out/>
</testsuite> <!-- tests.LocalApiTest -->
