<?xml version="1.0" encoding="UTF-8"?>
<!-- Generated by org.testng.reporters.JUnitReportReporter -->
<testsuite hostname="19-11-004" failures="0" tests="1" name="tests.UsersTest" time="1.752" errors="0" timestamp="2022-12-10T19:44:19 EET" skipped="0">
  <testcase classname="tests.UsersTest" name="TC_ValidateJsonScheme_005" time="1.752"/>
  <system-out/>
</testsuite> <!-- tests.UsersTest -->
