<?xml version="1.0" encoding="UTF-8"?>
<!-- Generated by org.testng.reporters.JUnitReportReporter -->
<testsuite hostname="19-11-004" failures="0" tests="1" name="tests.soapApiTest" time="1.927" errors="1" timestamp="2022-12-11T00:52:30 EET" skipped="0">
  <testcase classname="tests.soapApiTest" name="ValidateSchemeOfAddRequset" time="1.927">
    <error message="Ambiguous method overloading for method io.restassured.internal.matcher.xml.XmlXsdMatcher#matchesXsd.
Cannot resolve which method to invoke for [null] due to overlapping prototypes between:
	[class java.io.File]
	[class java.io.InputStream]
	[class java.io.Reader]
	[class java.lang.String]
	[class java.net.URL]" type="groovy.lang.GroovyRuntimeException">
      <![CDATA[groovy.lang.GroovyRuntimeException: Ambiguous method overloading for method io.restassured.internal.matcher.xml.XmlXsdMatcher#matchesXsd.
Cannot resolve which method to invoke for [null] due to overlapping prototypes between:
[class java.io.File]
[class java.io.InputStream]
[class java.io.Reader]
[class java.lang.String]
[class java.net.URL]
at groovy.lang.MetaClassImpl.doChooseMostSpecificParams(MetaClassImpl.java:3419)
at groovy.lang.MetaClassImpl.chooseMostSpecificParams(MetaClassImpl.java:3395)
at groovy.lang.MetaClassImpl.chooseMethodInternal(MetaClassImpl.java:3385)
at groovy.lang.MetaClassImpl.chooseMethod(MetaClassImpl.java:3329)
at groovy.lang.MetaClassImpl.pickStaticMethod(MetaClassImpl.java:1666)
at groovy.lang.MetaClassImpl.retrieveStaticMethod(MetaClassImpl.java:1562)
at groovy.lang.MetaClassImpl.createStaticSite(MetaClassImpl.java:3591)
at org.codehaus.groovy.runtime.callsite.CallSiteArray.createCallStaticSite(CallSiteArray.java:72)
at org.codehaus.groovy.runtime.callsite.CallSiteArray.defaultCallStatic(CallSiteArray.java:53)
at org.codehaus.groovy.runtime.callsite.AbstractCallSite.callStatic(AbstractCallSite.java:217)
at org.codehaus.groovy.runtime.callsite.AbstractCallSite.callStatic(AbstractCallSite.java:231)
at io.restassured.internal.matcher.xml.XmlXsdMatcher.matchesXsdInClasspath(XmlXsdMatcher.groovy:95)
at io.restassured.matcher.RestAssuredMatchers.matchesXsdInClasspath(RestAssuredMatchers.java:83)
at tests.soapApiTest.ValidateSchemeOfAddRequset(soapApiTest.java:50)
at java.base/jdk.internal.reflect.DirectMethodHandleAccessor.invoke(DirectMethodHandleAccessor.java:104)
at java.base/java.lang.reflect.Method.invoke(Method.java:577)
at org.testng.internal.invokers.MethodInvocationHelper.invokeMethod(MethodInvocationHelper.java:139)
at org.testng.internal.invokers.TestInvoker.invokeMethod(TestInvoker.java:677)
at org.testng.internal.invokers.TestInvoker.invokeTestMethod(TestInvoker.java:221)
at org.testng.internal.invokers.MethodRunner.runInSequence(MethodRunner.java:50)
at org.testng.internal.invokers.TestInvoker$MethodInvocationAgent.invoke(TestInvoker.java:962)
at org.testng.internal.invokers.TestInvoker.invokeTestMethods(TestInvoker.java:194)
at org.testng.internal.invokers.TestMethodWorker.invokeTestMethods(TestMethodWorker.java:148)
at org.testng.internal.invokers.TestMethodWorker.run(TestMethodWorker.java:128)
at java.base/java.util.ArrayList.forEach(ArrayList.java:1511)
at org.testng.TestRunner.privateRun(TestRunner.java:806)
at org.testng.TestRunner.run(TestRunner.java:601)
at org.testng.SuiteRunner.runTest(SuiteRunner.java:433)
at org.testng.SuiteRunner.runSequentially(SuiteRunner.java:427)
at org.testng.SuiteRunner.privateRun(SuiteRunner.java:387)
at org.testng.SuiteRunner.run(SuiteRunner.java:330)
at org.testng.SuiteRunnerWorker.runSuite(SuiteRunnerWorker.java:52)
at org.testng.SuiteRunnerWorker.run(SuiteRunnerWorker.java:95)
at org.testng.TestNG.runSuitesSequentially(TestNG.java:1256)
at org.testng.TestNG.runSuitesLocally(TestNG.java:1176)
at org.testng.TestNG.runSuites(TestNG.java:1099)
at org.testng.TestNG.run(TestNG.java:1067)
at org.testng.remote.AbstractRemoteTestNG.run(AbstractRemoteTestNG.java:115)
at org.testng.remote.RemoteTestNG.initAndRun(RemoteTestNG.java:251)
at org.testng.remote.RemoteTestNG.main(RemoteTestNG.java:77)
]]>
    </error>
  </testcase> <!-- ValidateSchemeOfAddRequset -->
  <system-out/>
</testsuite> <!-- tests.soapApiTest -->
